Arguments: 
  C:\Program Files\nodejs\node.exe C:\Users\aboag\AppData\Roaming\npm\node_modules\yarn\bin\yarn.js add [-D] @jorgebodega/typeorm-seeding

PATH: 
  C:\Python312\Scripts\;C:\Python312\;C:\Program Files\Eclipse Adoptium\jdk-11.0.15.10-hotspot\bin\java.exe;C:\Python310\Scripts\;C:\Python310\;C:\Program Files\Eclipse Foundation\jdk-17.0.0.35-hotspot\bin;C:\Python39\Scripts\;C:\Python39\;C:\Users\aboag\Documents\Maven\apache-maven-3.6.3-bin\apache-maven-3.6.3\bin;C:\Program Files\NVIDIA Corporation\NVIDIA NvDLISR;C:\Program Files\swipl\bin;C:\ProgramData\chocolatey\bin;C:\WINDOWS\system32;C:\WINDOWS;C:\WINDOWS\System32\Wbem;C:\WINDOWS\System32\WindowsPowerShell\v1.0\;C:\WINDOWS\System32\OpenSSH\;C:\Program Files (x86)\NVIDIA Corporation\PhysX\Common;C:\Program Files\CMake\bin;C:\Program Files (x86)\dotnet\;C:\WINDOWS\system32;C:\WINDOWS;C:\WINDOWS\System32\Wbem;C:\WINDOWS\System32\WindowsPowerShell\v1.0\;C:\WINDOWS\System32\OpenSSH\;C:\Program Files\Microsoft SQL Server\Client SDK\ODBC\170\Tools\Binn\;C:\Program Files (x86)\Microsoft SQL Server\150\Tools\Binn\;C:\Program Files\Microsoft SQL Server\150\Tools\Binn\;C:\Program Files\Microsoft SQL Server\150\DTS\Binn\;C:\Program Files (x86)\Microsoft SQL Server\150\DTS\Binn\;C:\Program Files\Azure Data Studio\bin;C:\Users\aboag\anaconda3;C:\Users\aboag\anaconda3\Scripts;C:\Users\aboag\AppData\Local\Android\Sdk\platform-tools;C:\Program Files\MongoDB\Server\5.0\bin;C:\Program Files\PostgreSQL\14\bin;C:\Program Files\PostgreSQL\14\lib;C:\Program Files\dotnet\;C:\Program Files\Pandoc\;C:\Users\aboag\Desktop\nand2tetris\tools;C:\Program Files\nodejs\;C:\Program Files\Git\cmd;C:\Program Files\PowerShell\7\;C:\Users\aboag\anaconda3;C:\Users\aboag\anaconda3\Library\mingw-w64\bin;C:\Users\aboag\anaconda3\Library\usr\bin;C:\Users\aboag\anaconda3\Library\bin;C:\Users\aboag\anaconda3\Scripts;C:\Program Files\Eclipse Adoptium\jdk-11.0.15.10-hotspot\bin\java.exe;C:\Users\aboag\AppData\Roaming\local\bin;C:\Ruby26-x64\bin;C:\Users\aboag\AppData\Local\Mu\bin;C:\Users\aboag\AppData\Local\Microsoft\WindowsApps;C:\Users\aboag\AppData\Local\Programs\MiKTeX 2.9\miktex\bin\x64\;C:\Users\aboag\AppData\Local\Programs\Microsoft VS Code\bin;C:\Users\aboag\Documents\Maven\apache-maven-3.6.3-bin\apache-maven-3.6.3\bin;C:\Windows\System32;C:\WINDOWS\system32;C:\Program Files\Maven\apache-maven-3.6.3-bin\apache-maven-3.6.3\bin;C:\Program Files\JetBrains\IntelliJ IDEA 2020.2.3\bin;C:\Program Files\PostgreSQL\13\lib;C:\Program Files\PostgreSQL\13\bin;C:\Program Files\JetBrains\PyCharm 2020.2.3\bin;C:\Users\aboag\AppData\Roaming\cabal\bin;C:\ProgramData\chocolatey\lib\ghc\tools\ghc-8.10.2\bin;C:\tools\msys64;C:\Program Files\erl-23.1\bin;C:\Users\aboag\AppData\Local\GitHubDesktop\bin;C:\MinGW\bin;C:\Users\aboag;C:\Users\aboag\AppData\Local\Microsoft\WindowsApps;C:\Program Files\Azure Data Studio\bin;C:\Users\aboag\AppData\Local\Android\Sdk\platform-tools;C:\Program Files\MongoDB\Server\5.0\bin;C:\Gradle\gradle-7.5.1\bin;C:\Users\aboag\AppData\Local\JetBrains\Toolbox\scripts;C:\Users\aboag\AppData\Roaming\npm;C:\xampp\php;;C:\Users\aboag\Documents\Projects\readit\node_modules\.bin

Yarn version: 
  1.22.19

Node version: 
  20.8.0

Platform: 
  win32 x64

Trace: 
  Error: https://registry.yarnpkg.com/[-D]: Not found
      at params.callback [as _callback] (C:\Users\aboag\AppData\Roaming\npm\node_modules\yarn\lib\cli.js:66145:18)
      at self.callback (C:\Users\aboag\AppData\Roaming\npm\node_modules\yarn\lib\cli.js:140890:22)
      at Request.emit (node:events:514:28)
      at Request.<anonymous> (C:\Users\aboag\AppData\Roaming\npm\node_modules\yarn\lib\cli.js:141862:10)
      at Request.emit (node:events:514:28)
      at IncomingMessage.<anonymous> (C:\Users\aboag\AppData\Roaming\npm\node_modules\yarn\lib\cli.js:141784:12)
      at Object.onceWrapper (node:events:628:28)
      at IncomingMessage.emit (node:events:526:35)
      at endReadableNT (node:internal/streams/readable:1408:12)
      at process.processTicksAndRejections (node:internal/process/task_queues:82:21)

npm manifest: 
  {
    "name": "typeorm-sample",
    "version": "0.0.1",
    "description": "Awesome project developed with TypeORM.",
    "type": "commonjs",
    "devDependencies": {
      "@types/bcrypt": "^5.0.0",
      "@types/cookie": "^0.5.4",
      "@types/cookie-parser": "^1.4.6",
      "@types/cors": "^2.8.17",
      "@types/express": "^4.17.21",
      "@types/jsonwebtoken": "^9.0.5",
      "@types/morgan": "^1.9.9",
      "@types/node": "^20.9.2",
      "concurrently": "^8.2.2",
      "morgan": "^1.10.0",
      "nodemon": "^3.0.1",
      "ts-node": "^10.9.1",
      "typescript": "^5.2.2"
    },
    "dependencies": {
      "bcrypt": "^5.1.1",
      "class-transformer": "^0.5.1",
      "class-validator": "^0.14.0",
      "cookie": "^0.6.0",
      "cookie-parser": "^1.4.6",
      "cors": "^2.8.5",
      "dotenv": "^16.3.1",
      "express": "^4.18.2",
      "jsonwebtoken": "^9.0.2",
      "pg": "^8.4.0",
      "react-icons": "^4.12.0",
      "reflect-metadata": "^0.1.13",
      "seeding": "^1.0.1",
      "typeorm": "^0.3.17"
    },
    "scripts": {
      "start": "ts-node src/server.ts",
      "typeorm": "typeorm-ts-node-commonjs",
      "typeorm:generate-migration": "npm run typeorm -- -d ./src/data-source.ts migration:generate ./src/migrations/$npm_config_name",
      "client": "cd client && npm run dev",
      "server": "nodemon --exec ts-node src/server.ts",
      "dev": "concurrently \"npm run server\" \"npm run client\" --names \"Server,Client\" -c \"bgBlue.bold,bgMagenta.bold\""
    }
  }

yarn manifest: 
  No manifest

Lockfile: 
  No lockfile
